Connecting to database specified by database.yml


Started GET "/assets/rails.png" for 127.0.0.1 at 2013-01-07 18:09:41 -0300
Connecting to database specified by database.yml
Served asset /rails.png - 200 OK (49ms)


Started GET "/" for 127.0.0.1 at 2013-01-07 18:10:47 -0300

ActionController::RoutingError (uninitialized constant ApplicationsController):
  activesupport (3.2.9) lib/active_support/inflector/methods.rb:230:in `block in constantize'
  activesupport (3.2.9) lib/active_support/inflector/methods.rb:229:in `each'
  activesupport (3.2.9) lib/active_support/inflector/methods.rb:229:in `constantize'
  actionpack (3.2.9) lib/action_dispatch/routing/route_set.rb:69:in `controller_reference'
  actionpack (3.2.9) lib/action_dispatch/routing/route_set.rb:54:in `controller'
  actionpack (3.2.9) lib/action_dispatch/routing/route_set.rb:32:in `call'
  journey (1.0.4) lib/journey/router.rb:68:in `block in call'
  journey (1.0.4) lib/journey/router.rb:56:in `each'
  journey (1.0.4) lib/journey/router.rb:56:in `call'
  actionpack (3.2.9) lib/action_dispatch/routing/route_set.rb:601:in `call'
  actionpack (3.2.9) lib/action_dispatch/middleware/best_standards_support.rb:17:in `call'
  rack (1.4.3) lib/rack/etag.rb:23:in `call'
  rack (1.4.3) lib/rack/conditionalget.rb:25:in `call'
  actionpack (3.2.9) lib/action_dispatch/middleware/head.rb:14:in `call'
  actionpack (3.2.9) lib/action_dispatch/middleware/params_parser.rb:21:in `call'
  actionpack (3.2.9) lib/action_dispatch/middleware/flash.rb:242:in `call'
  rack (1.4.3) lib/rack/session/abstract/id.rb:210:in `context'
  rack (1.4.3) lib/rack/session/abstract/id.rb:205:in `call'
  actionpack (3.2.9) lib/action_dispatch/middleware/cookies.rb:341:in `call'
  activerecord (3.2.9) lib/active_record/query_cache.rb:64:in `call'
  activerecord (3.2.9) lib/active_record/connection_adapters/abstract/connection_pool.rb:479:in `call'
  actionpack (3.2.9) lib/action_dispatch/middleware/callbacks.rb:28:in `block in call'
  activesupport (3.2.9) lib/active_support/callbacks.rb:405:in `_run__2229380512583184320__call__3446467011050663371__callbacks'
  activesupport (3.2.9) lib/active_support/callbacks.rb:405:in `__run_callback'
  activesupport (3.2.9) lib/active_support/callbacks.rb:385:in `_run_call_callbacks'
  activesupport (3.2.9) lib/active_support/callbacks.rb:81:in `run_callbacks'
  actionpack (3.2.9) lib/action_dispatch/middleware/callbacks.rb:27:in `call'
  actionpack (3.2.9) lib/action_dispatch/middleware/reloader.rb:65:in `call'
  actionpack (3.2.9) lib/action_dispatch/middleware/remote_ip.rb:31:in `call'
  actionpack (3.2.9) lib/action_dispatch/middleware/debug_exceptions.rb:16:in `call'
  actionpack (3.2.9) lib/action_dispatch/middleware/show_exceptions.rb:56:in `call'
  railties (3.2.9) lib/rails/rack/logger.rb:32:in `call_app'
  railties (3.2.9) lib/rails/rack/logger.rb:16:in `block in call'
  activesupport (3.2.9) lib/active_support/tagged_logging.rb:22:in `tagged'
  railties (3.2.9) lib/rails/rack/logger.rb:16:in `call'
  actionpack (3.2.9) lib/action_dispatch/middleware/request_id.rb:22:in `call'
  rack (1.4.3) lib/rack/methodoverride.rb:21:in `call'
  rack (1.4.3) lib/rack/runtime.rb:17:in `call'
  activesupport (3.2.9) lib/active_support/cache/strategy/local_cache.rb:72:in `call'
  rack (1.4.3) lib/rack/lock.rb:15:in `call'
  actionpack (3.2.9) lib/action_dispatch/middleware/static.rb:62:in `call'
  railties (3.2.9) lib/rails/engine.rb:479:in `call'
  railties (3.2.9) lib/rails/application.rb:223:in `call'
  rack (1.4.3) lib/rack/content_length.rb:14:in `call'
  railties (3.2.9) lib/rails/rack/log_tailer.rb:17:in `call'
  rack (1.4.3) lib/rack/handler/webrick.rb:59:in `service'
  /home/jimi/.rvm/rubies/ruby-1.9.3-p327/lib/ruby/1.9.1/webrick/httpserver.rb:138:in `service'
  /home/jimi/.rvm/rubies/ruby-1.9.3-p327/lib/ruby/1.9.1/webrick/httpserver.rb:94:in `run'
  /home/jimi/.rvm/rubies/ruby-1.9.3-p327/lib/ruby/1.9.1/webrick/server.rb:191:in `block in start_thread'


  Rendered /home/jimi/.rvm/gems/ruby-1.9.3-p327/gems/actionpack-3.2.9/lib/action_dispatch/middleware/templates/rescues/routing_error.erb within rescues/layout (11.8ms)


Started GET "/" for 127.0.0.1 at 2013-01-07 18:11:58 -0300
Processing by ApplicationController#sync as HTML
#{page.content}
#{form}
Completed 500 Internal Server Error in 608ms

ActionView::MissingTemplate (Missing template application/sync with {:locale=>[:en], :formats=>[:html], :handlers=>[:erb, :builder, :coffee]}. Searched in:
  * "/home/jimi/Sites/synchronizer/app/views"
):
  actionpack (3.2.9) lib/action_view/path_set.rb:58:in `find'
  actionpack (3.2.9) lib/action_view/lookup_context.rb:109:in `find'
  actionpack (3.2.9) lib/action_view/renderer/abstract_renderer.rb:3:in `find_template'
  actionpack (3.2.9) lib/action_view/renderer/template_renderer.rb:34:in `determine_template'
  actionpack (3.2.9) lib/action_view/renderer/template_renderer.rb:10:in `render'
  actionpack (3.2.9) lib/action_view/renderer/renderer.rb:36:in `render_template'
  actionpack (3.2.9) lib/action_view/renderer/renderer.rb:17:in `render'
  actionpack (3.2.9) lib/abstract_controller/rendering.rb:110:in `_render_template'
  actionpack (3.2.9) lib/action_controller/metal/streaming.rb:225:in `_render_template'
  actionpack (3.2.9) lib/abstract_controller/rendering.rb:103:in `render_to_body'
  actionpack (3.2.9) lib/action_controller/metal/renderers.rb:28:in `render_to_body'
  actionpack (3.2.9) lib/action_controller/metal/compatibility.rb:50:in `render_to_body'
  actionpack (3.2.9) lib/abstract_controller/rendering.rb:88:in `render'
  actionpack (3.2.9) lib/action_controller/metal/rendering.rb:16:in `render'
  actionpack (3.2.9) lib/action_controller/metal/instrumentation.rb:40:in `block (2 levels) in render'
  activesupport (3.2.9) lib/active_support/core_ext/benchmark.rb:5:in `block in ms'
  /home/jimi/.rvm/rubies/ruby-1.9.3-p327/lib/ruby/1.9.1/benchmark.rb:295:in `realtime'
  activesupport (3.2.9) lib/active_support/core_ext/benchmark.rb:5:in `ms'
  actionpack (3.2.9) lib/action_controller/metal/instrumentation.rb:40:in `block in render'
  actionpack (3.2.9) lib/action_controller/metal/instrumentation.rb:83:in `cleanup_view_runtime'
  activerecord (3.2.9) lib/active_record/railties/controller_runtime.rb:24:in `cleanup_view_runtime'
  actionpack (3.2.9) lib/action_controller/metal/instrumentation.rb:39:in `render'
  actionpack (3.2.9) lib/action_controller/metal/implicit_render.rb:10:in `default_render'
  actionpack (3.2.9) lib/action_controller/metal/implicit_render.rb:5:in `send_action'
  actionpack (3.2.9) lib/abstract_controller/base.rb:167:in `process_action'
  actionpack (3.2.9) lib/action_controller/metal/rendering.rb:10:in `process_action'
  actionpack (3.2.9) lib/abstract_controller/callbacks.rb:18:in `block in process_action'
  activesupport (3.2.9) lib/active_support/callbacks.rb:414:in `_run__2222339447221214461__process_action__1235642620073206190__callbacks'
  activesupport (3.2.9) lib/active_support/callbacks.rb:405:in `__run_callback'
  activesupport (3.2.9) lib/active_support/callbacks.rb:385:in `_run_process_action_callbacks'
  activesupport (3.2.9) lib/active_support/callbacks.rb:81:in `run_callbacks'
  actionpack (3.2.9) lib/abstract_controller/callbacks.rb:17:in `process_action'
  actionpack (3.2.9) lib/action_controller/metal/rescue.rb:29:in `process_action'
  actionpack (3.2.9) lib/action_controller/metal/instrumentation.rb:30:in `block in process_action'
  activesupport (3.2.9) lib/active_support/notifications.rb:123:in `block in instrument'
  activesupport (3.2.9) lib/active_support/notifications/instrumenter.rb:20:in `instrument'
  activesupport (3.2.9) lib/active_support/notifications.rb:123:in `instrument'
  actionpack (3.2.9) lib/action_controller/metal/instrumentation.rb:29:in `process_action'
  actionpack (3.2.9) lib/action_controller/metal/params_wrapper.rb:207:in `process_action'
  activerecord (3.2.9) lib/active_record/railties/controller_runtime.rb:18:in `process_action'
  actionpack (3.2.9) lib/abstract_controller/base.rb:121:in `process'
  actionpack (3.2.9) lib/abstract_controller/rendering.rb:45:in `process'
  actionpack (3.2.9) lib/action_controller/metal.rb:203:in `dispatch'
  actionpack (3.2.9) lib/action_controller/metal/rack_delegation.rb:14:in `dispatch'
  actionpack (3.2.9) lib/action_controller/metal.rb:246:in `block in action'
  actionpack (3.2.9) lib/action_dispatch/routing/route_set.rb:73:in `call'
  actionpack (3.2.9) lib/action_dispatch/routing/route_set.rb:73:in `dispatch'
  actionpack (3.2.9) lib/action_dispatch/routing/route_set.rb:36:in `call'
  journey (1.0.4) lib/journey/router.rb:68:in `block in call'
  journey (1.0.4) lib/journey/router.rb:56:in `each'
  journey (1.0.4) lib/journey/router.rb:56:in `call'
  actionpack (3.2.9) lib/action_dispatch/routing/route_set.rb:601:in `call'
  actionpack (3.2.9) lib/action_dispatch/middleware/best_standards_support.rb:17:in `call'
  rack (1.4.3) lib/rack/etag.rb:23:in `call'
  rack (1.4.3) lib/rack/conditionalget.rb:25:in `call'
  actionpack (3.2.9) lib/action_dispatch/middleware/head.rb:14:in `call'
  actionpack (3.2.9) lib/action_dispatch/middleware/params_parser.rb:21:in `call'
  actionpack (3.2.9) lib/action_dispatch/middleware/flash.rb:242:in `call'
  rack (1.4.3) lib/rack/session/abstract/id.rb:210:in `context'
  rack (1.4.3) lib/rack/session/abstract/id.rb:205:in `call'
  actionpack (3.2.9) lib/action_dispatch/middleware/cookies.rb:341:in `call'
  activerecord (3.2.9) lib/active_record/query_cache.rb:64:in `call'
  activerecord (3.2.9) lib/active_record/connection_adapters/abstract/connection_pool.rb:479:in `call'
  actionpack (3.2.9) lib/action_dispatch/middleware/callbacks.rb:28:in `block in call'
  activesupport (3.2.9) lib/active_support/callbacks.rb:405:in `_run__2229380512583184320__call__3446467011050663371__callbacks'
  activesupport (3.2.9) lib/active_support/callbacks.rb:405:in `__run_callback'
  activesupport (3.2.9) lib/active_support/callbacks.rb:385:in `_run_call_callbacks'
  activesupport (3.2.9) lib/active_support/callbacks.rb:81:in `run_callbacks'
  actionpack (3.2.9) lib/action_dispatch/middleware/callbacks.rb:27:in `call'
  actionpack (3.2.9) lib/action_dispatch/middleware/reloader.rb:65:in `call'
  actionpack (3.2.9) lib/action_dispatch/middleware/remote_ip.rb:31:in `call'
  actionpack (3.2.9) lib/action_dispatch/middleware/debug_exceptions.rb:16:in `call'
  actionpack (3.2.9) lib/action_dispatch/middleware/show_exceptions.rb:56:in `call'
  railties (3.2.9) lib/rails/rack/logger.rb:32:in `call_app'
  railties (3.2.9) lib/rails/rack/logger.rb:16:in `block in call'
  activesupport (3.2.9) lib/active_support/tagged_logging.rb:22:in `tagged'
  railties (3.2.9) lib/rails/rack/logger.rb:16:in `call'
  actionpack (3.2.9) lib/action_dispatch/middleware/request_id.rb:22:in `call'
  rack (1.4.3) lib/rack/methodoverride.rb:21:in `call'
  rack (1.4.3) lib/rack/runtime.rb:17:in `call'
  activesupport (3.2.9) lib/active_support/cache/strategy/local_cache.rb:72:in `call'
  rack (1.4.3) lib/rack/lock.rb:15:in `call'
  actionpack (3.2.9) lib/action_dispatch/middleware/static.rb:62:in `call'
  railties (3.2.9) lib/rails/engine.rb:479:in `call'
  railties (3.2.9) lib/rails/application.rb:223:in `call'
  rack (1.4.3) lib/rack/content_length.rb:14:in `call'
  railties (3.2.9) lib/rails/rack/log_tailer.rb:17:in `call'
  rack (1.4.3) lib/rack/handler/webrick.rb:59:in `service'
  /home/jimi/.rvm/rubies/ruby-1.9.3-p327/lib/ruby/1.9.1/webrick/httpserver.rb:138:in `service'
  /home/jimi/.rvm/rubies/ruby-1.9.3-p327/lib/ruby/1.9.1/webrick/httpserver.rb:94:in `run'
  /home/jimi/.rvm/rubies/ruby-1.9.3-p327/lib/ruby/1.9.1/webrick/server.rb:191:in `block in start_thread'


  Rendered /home/jimi/.rvm/gems/ruby-1.9.3-p327/gems/actionpack-3.2.9/lib/action_dispatch/middleware/templates/rescues/missing_template.erb within rescues/layout (1.1ms)


Started GET "/" for 127.0.0.1 at 2013-01-07 18:13:42 -0300
Processing by ApplicationController#sync as HTML
#{page.content}
#{form}
Completed 500 Internal Server Error in 269ms

ActionView::MissingTemplate (Missing template application/sync with {:locale=>[:en], :formats=>[:html], :handlers=>[:erb, :builder, :coffee]}. Searched in:
  * "/home/jimi/Sites/synchronizer/app/views"
):
  actionpack (3.2.9) lib/action_view/path_set.rb:58:in `find'
  actionpack (3.2.9) lib/action_view/lookup_context.rb:109:in `find'
  actionpack (3.2.9) lib/action_view/renderer/abstract_renderer.rb:3:in `find_template'
  actionpack (3.2.9) lib/action_view/renderer/template_renderer.rb:34:in `determine_template'
  actionpack (3.2.9) lib/action_view/renderer/template_renderer.rb:10:in `render'
  actionpack (3.2.9) lib/action_view/renderer/renderer.rb:36:in `render_template'
  actionpack (3.2.9) lib/action_view/renderer/renderer.rb:17:in `render'
  actionpack (3.2.9) lib/abstract_controller/rendering.rb:110:in `_render_template'
  actionpack (3.2.9) lib/action_controller/metal/streaming.rb:225:in `_render_template'
  actionpack (3.2.9) lib/abstract_controller/rendering.rb:103:in `render_to_body'
  actionpack (3.2.9) lib/action_controller/metal/renderers.rb:28:in `render_to_body'
  actionpack (3.2.9) lib/action_controller/metal/compatibility.rb:50:in `render_to_body'
  actionpack (3.2.9) lib/abstract_controller/rendering.rb:88:in `render'
  actionpack (3.2.9) lib/action_controller/metal/rendering.rb:16:in `render'
  actionpack (3.2.9) lib/action_controller/metal/instrumentation.rb:40:in `block (2 levels) in render'
  activesupport (3.2.9) lib/active_support/core_ext/benchmark.rb:5:in `block in ms'
  /home/jimi/.rvm/rubies/ruby-1.9.3-p327/lib/ruby/1.9.1/benchmark.rb:295:in `realtime'
  activesupport (3.2.9) lib/active_support/core_ext/benchmark.rb:5:in `ms'
  actionpack (3.2.9) lib/action_controller/metal/instrumentation.rb:40:in `block in render'
  actionpack (3.2.9) lib/action_controller/metal/instrumentation.rb:83:in `cleanup_view_runtime'
  activerecord (3.2.9) lib/active_record/railties/controller_runtime.rb:24:in `cleanup_view_runtime'
  actionpack (3.2.9) lib/action_controller/metal/instrumentation.rb:39:in `render'
  actionpack (3.2.9) lib/action_controller/metal/implicit_render.rb:10:in `default_render'
  actionpack (3.2.9) lib/action_controller/metal/implicit_render.rb:5:in `send_action'
  actionpack (3.2.9) lib/abstract_controller/base.rb:167:in `process_action'
  actionpack (3.2.9) lib/action_controller/metal/rendering.rb:10:in `process_action'
  actionpack (3.2.9) lib/abstract_controller/callbacks.rb:18:in `block in process_action'
  activesupport (3.2.9) lib/active_support/callbacks.rb:414:in `_run__2222339447221214461__process_action__1235642620073206190__callbacks'
  activesupport (3.2.9) lib/active_support/callbacks.rb:405:in `__run_callback'
  activesupport (3.2.9) lib/active_support/callbacks.rb:385:in `_run_process_action_callbacks'
  activesupport (3.2.9) lib/active_support/callbacks.rb:81:in `run_callbacks'
  actionpack (3.2.9) lib/abstract_controller/callbacks.rb:17:in `process_action'
  actionpack (3.2.9) lib/action_controller/metal/rescue.rb:29:in `process_action'
  actionpack (3.2.9) lib/action_controller/metal/instrumentation.rb:30:in `block in process_action'
  activesupport (3.2.9) lib/active_support/notifications.rb:123:in `block in instrument'
  activesupport (3.2.9) lib/active_support/notifications/instrumenter.rb:20:in `instrument'
  activesupport (3.2.9) lib/active_support/notifications.rb:123:in `instrument'
  actionpack (3.2.9) lib/action_controller/metal/instrumentation.rb:29:in `process_action'
  actionpack (3.2.9) lib/action_controller/metal/params_wrapper.rb:207:in `process_action'
  activerecord (3.2.9) lib/active_record/railties/controller_runtime.rb:18:in `process_action'
  actionpack (3.2.9) lib/abstract_controller/base.rb:121:in `process'
  actionpack (3.2.9) lib/abstract_controller/rendering.rb:45:in `process'
  actionpack (3.2.9) lib/action_controller/metal.rb:203:in `dispatch'
  actionpack (3.2.9) lib/action_controller/metal/rack_delegation.rb:14:in `dispatch'
  actionpack (3.2.9) lib/action_controller/metal.rb:246:in `block in action'
  actionpack (3.2.9) lib/action_dispatch/routing/route_set.rb:73:in `call'
  actionpack (3.2.9) lib/action_dispatch/routing/route_set.rb:73:in `dispatch'
  actionpack (3.2.9) lib/action_dispatch/routing/route_set.rb:36:in `call'
  journey (1.0.4) lib/journey/router.rb:68:in `block in call'
  journey (1.0.4) lib/journey/router.rb:56:in `each'
  journey (1.0.4) lib/journey/router.rb:56:in `call'
  actionpack (3.2.9) lib/action_dispatch/routing/route_set.rb:601:in `call'
  actionpack (3.2.9) lib/action_dispatch/middleware/best_standards_support.rb:17:in `call'
  rack (1.4.3) lib/rack/etag.rb:23:in `call'
  rack (1.4.3) lib/rack/conditionalget.rb:25:in `call'
  actionpack (3.2.9) lib/action_dispatch/middleware/head.rb:14:in `call'
  actionpack (3.2.9) lib/action_dispatch/middleware/params_parser.rb:21:in `call'
  actionpack (3.2.9) lib/action_dispatch/middleware/flash.rb:242:in `call'
  rack (1.4.3) lib/rack/session/abstract/id.rb:210:in `context'
  rack (1.4.3) lib/rack/session/abstract/id.rb:205:in `call'
  actionpack (3.2.9) lib/action_dispatch/middleware/cookies.rb:341:in `call'
  activerecord (3.2.9) lib/active_record/query_cache.rb:64:in `call'
  activerecord (3.2.9) lib/active_record/connection_adapters/abstract/connection_pool.rb:479:in `call'
  actionpack (3.2.9) lib/action_dispatch/middleware/callbacks.rb:28:in `block in call'
  activesupport (3.2.9) lib/active_support/callbacks.rb:405:in `_run__2229380512583184320__call__3446467011050663371__callbacks'
  activesupport (3.2.9) lib/active_support/callbacks.rb:405:in `__run_callback'
  activesupport (3.2.9) lib/active_support/callbacks.rb:385:in `_run_call_callbacks'
  activesupport (3.2.9) lib/active_support/callbacks.rb:81:in `run_callbacks'
  actionpack (3.2.9) lib/action_dispatch/middleware/callbacks.rb:27:in `call'
  actionpack (3.2.9) lib/action_dispatch/middleware/reloader.rb:65:in `call'
  actionpack (3.2.9) lib/action_dispatch/middleware/remote_ip.rb:31:in `call'
  actionpack (3.2.9) lib/action_dispatch/middleware/debug_exceptions.rb:16:in `call'
  actionpack (3.2.9) lib/action_dispatch/middleware/show_exceptions.rb:56:in `call'
  railties (3.2.9) lib/rails/rack/logger.rb:32:in `call_app'
  railties (3.2.9) lib/rails/rack/logger.rb:16:in `block in call'
  activesupport (3.2.9) lib/active_support/tagged_logging.rb:22:in `tagged'
  railties (3.2.9) lib/rails/rack/logger.rb:16:in `call'
  actionpack (3.2.9) lib/action_dispatch/middleware/request_id.rb:22:in `call'
  rack (1.4.3) lib/rack/methodoverride.rb:21:in `call'
  rack (1.4.3) lib/rack/runtime.rb:17:in `call'
  activesupport (3.2.9) lib/active_support/cache/strategy/local_cache.rb:72:in `call'
  rack (1.4.3) lib/rack/lock.rb:15:in `call'
  actionpack (3.2.9) lib/action_dispatch/middleware/static.rb:62:in `call'
  railties (3.2.9) lib/rails/engine.rb:479:in `call'
  railties (3.2.9) lib/rails/application.rb:223:in `call'
  rack (1.4.3) lib/rack/content_length.rb:14:in `call'
  railties (3.2.9) lib/rails/rack/log_tailer.rb:17:in `call'
  rack (1.4.3) lib/rack/handler/webrick.rb:59:in `service'
  /home/jimi/.rvm/rubies/ruby-1.9.3-p327/lib/ruby/1.9.1/webrick/httpserver.rb:138:in `service'
  /home/jimi/.rvm/rubies/ruby-1.9.3-p327/lib/ruby/1.9.1/webrick/httpserver.rb:94:in `run'
  /home/jimi/.rvm/rubies/ruby-1.9.3-p327/lib/ruby/1.9.1/webrick/server.rb:191:in `block in start_thread'


  Rendered /home/jimi/.rvm/gems/ruby-1.9.3-p327/gems/actionpack-3.2.9/lib/action_dispatch/middleware/templates/rescues/missing_template.erb within rescues/layout (1.3ms)


Started GET "/" for 127.0.0.1 at 2013-01-07 18:14:44 -0300
Processing by ApplicationController#sync as HTML
#{page.content}
#{form}
Redirected to http://google.cl
Completed 302 Found in 356ms (ActiveRecord: 0.0ms)


Started GET "/" for 127.0.0.1 at 2013-01-07 18:15:13 -0300
Processing by ApplicationController#sync as HTML
#{page.content}
#{form}
Redirected to http://google.cl
Completed 302 Found in 273ms (ActiveRecord: 0.0ms)


Started GET "/" for 127.0.0.1 at 2013-01-07 18:15:14 -0300
Processing by ApplicationController#sync as HTML
#{page.content}
#{form}
Redirected to http://google.cl
Completed 302 Found in 191ms (ActiveRecord: 0.0ms)


Started GET "/" for 127.0.0.1 at 2013-01-07 18:16:20 -0300
Connecting to database specified by database.yml
Processing by ApplicationController#sync as HTML
#{page.content()}
#{form.content()}
Redirected to http://google.cl
Completed 302 Found in 531ms (ActiveRecord: 0.0ms)


Started GET "/" for 127.0.0.1 at 2013-01-07 18:18:01 -0300
Processing by ApplicationController#sync as HTML
PAGE => #{page.content()}
FORM => #{form.content()}
Redirected to http://google.cl
Completed 302 Found in 5333ms (ActiveRecord: 0.0ms)


Started GET "/" for 127.0.0.1 at 2013-01-07 18:18:50 -0300
Processing by ApplicationController#sync as HTML
PAGE => <html>

<head>
<meta http-equiv="Content-Type" content="text/html; charset=windows-1252">
<title>fontana.com</title>
<meta name="GENERATOR" content="Microsoft FrontPage 4.0">
<meta name="ProgId" content="FrontPage.Editor.Document">
</head>





<frameset id="frtop" framespacing="0" border="0" rows="0,0,*,0" frameborder="0">
  <noframes>
  <body>

  <p>This page uses frames, but your browser doesn't support them.</p>

  </body>
  </noframes>


  <frame name="Barra" scrolling="no" target="menu" src="toolbar.asp?rnd=8088.885">
  <frame name="Linea" scrolling="no" noresize target="Barra" src="Linea.asp">    

  <frameset rows="*,0" id="frtoll">
	<frameset cols="0,0,*" id="frset">
		<frame name="menu" target="main" src="left.htm" scrolling="no" noresize marginwidth="0" marginheight="0">
		<frame name="LineaVertical" scrolling="no" noresize target="menu" src="LineaVertical.asp">
		<frameset rows="*">
			<frame name="main" src="frames/frameSet.html" target="_self" scrolling="auto" marginwidth="0" marginheight="0">      
		</frameset>
	</frameset>

	<frame name="BarraInferior" scrolling="no" target="_self" src="BarraInferior.asp">

	</frameset>
  </frameset>


</html>

FORM => #{form.content()}
Redirected to http://google.cl
Completed 302 Found in 271ms (ActiveRecord: 0.0ms)


Started GET "/" for 127.0.0.1 at 2013-01-07 18:19:18 -0300
Processing by ApplicationController#sync as HTML
PAGE => <html>

<head>
<meta http-equiv="Content-Type" content="text/html; charset=windows-1252">
<title>fontana.com</title>
<meta name="GENERATOR" content="Microsoft FrontPage 4.0">
<meta name="ProgId" content="FrontPage.Editor.Document">
</head>





<frameset id="frtop" framespacing="0" border="0" rows="0,0,*,0" frameborder="0">
  <noframes>
  <body>

  <p>This page uses frames, but your browser doesn't support them.</p>

  </body>
  </noframes>


  <frame name="Barra" scrolling="no" target="menu" src="toolbar.asp?rnd=7073.87">
  <frame name="Linea" scrolling="no" noresize target="Barra" src="Linea.asp">    

  <frameset rows="*,0" id="frtoll">
	<frameset cols="0,0,*" id="frset">
		<frame name="menu" target="main" src="left.htm" scrolling="no" noresize marginwidth="0" marginheight="0">
		<frame name="LineaVertical" scrolling="no" noresize target="menu" src="LineaVertical.asp">
		<frameset rows="*">
			<frame name="main" src="frames/frameSet.html" target="_self" scrolling="auto" marginwidth="0" marginheight="0">      
		</frameset>
	</frameset>

	<frame name="BarraInferior" scrolling="no" target="_self" src="BarraInferior.asp">

	</frameset>
  </frameset>


</html>

Completed 500 Internal Server Error in 404ms

NoMethodError (undefined method `content' for #<Mechanize::Form:0x00000001091248>):
  app/controllers/application_controller.rb:10:in `sync'


  Rendered /home/jimi/.rvm/gems/ruby-1.9.3-p327/gems/actionpack-3.2.9/lib/action_dispatch/middleware/templates/rescues/_trace.erb (5.4ms)
  Rendered /home/jimi/.rvm/gems/ruby-1.9.3-p327/gems/actionpack-3.2.9/lib/action_dispatch/middleware/templates/rescues/_request_and_response.erb (2.9ms)
  Rendered /home/jimi/.rvm/gems/ruby-1.9.3-p327/gems/actionpack-3.2.9/lib/action_dispatch/middleware/templates/rescues/diagnostics.erb within rescues/layout (207.6ms)


Started GET "/" for 127.0.0.1 at 2013-01-07 18:20:23 -0300
Processing by ApplicationController#sync as HTML
PAGE => <html>

<head>
<meta http-equiv="Content-Type" content="text/html; charset=windows-1252">
<title>fontana.com</title>
<meta name="GENERATOR" content="Microsoft FrontPage 4.0">
<meta name="ProgId" content="FrontPage.Editor.Document">
</head>





<frameset id="frtop" framespacing="0" border="0" rows="0,0,*,0" frameborder="0">
  <noframes>
  <body>

  <p>This page uses frames, but your browser doesn't support them.</p>

  </body>
  </noframes>


  <frame name="Barra" scrolling="no" target="menu" src="toolbar.asp?rnd=7941.943">
  <frame name="Linea" scrolling="no" noresize target="Barra" src="Linea.asp">    

  <frameset rows="*,0" id="frtoll">
	<frameset cols="0,0,*" id="frset">
		<frame name="menu" target="main" src="left.htm" scrolling="no" noresize marginwidth="0" marginheight="0">
		<frame name="LineaVertical" scrolling="no" noresize target="menu" src="LineaVertical.asp">
		<frameset rows="*">
			<frame name="main" src="frames/frameSet.html" target="_self" scrolling="auto" marginwidth="0" marginheight="0">      
		</frameset>
	</frameset>

	<frame name="BarraInferior" scrolling="no" target="_self" src="BarraInferior.asp">

	</frameset>
  </frameset>


</html>

FORM => #<Mechanize::Form:0x000000029cd658>
Redirected to http://google.cl
Completed 302 Found in 5296ms (ActiveRecord: 0.0ms)


Started GET "/" for 127.0.0.1 at 2013-01-07 18:43:51 -0300
Processing by ApplicationController#sync as HTML
PAGE => <html>

<head>
<meta http-equiv="Content-Type" content="text/html; charset=windows-1252">
<title>fontana.com</title>
<meta name="GENERATOR" content="Microsoft FrontPage 4.0">
<meta name="ProgId" content="FrontPage.Editor.Document">
</head>





<frameset id="frtop" framespacing="0" border="0" rows="0,0,*,0" frameborder="0">
  <noframes>
  <body>

  <p>This page uses frames, but your browser doesn't support them.</p>

  </body>
  </noframes>


  <frame name="Barra" scrolling="no" target="menu" src="toolbar.asp?rnd=151.7205">
  <frame name="Linea" scrolling="no" noresize target="Barra" src="Linea.asp">    

  <frameset rows="*,0" id="frtoll">
	<frameset cols="0,0,*" id="frset">
		<frame name="menu" target="main" src="left.htm" scrolling="no" noresize marginwidth="0" marginheight="0">
		<frame name="LineaVertical" scrolling="no" noresize target="menu" src="LineaVertical.asp">
		<frameset rows="*">
			<frame name="main" src="frames/frameSet.html" target="_self" scrolling="auto" marginwidth="0" marginheight="0">      
		</frameset>
	</frameset>

	<frame name="BarraInferior" scrolling="no" target="_self" src="BarraInferior.asp">

	</frameset>
  </frameset>


</html>

FORM => #<Mechanize::Form:0x00000002a65930>
Completed 500 Internal Server Error in 1197ms

Mechanize::ResponseCodeError (404 => Net::HTTPNotFound for https://pyme.defontana.com/sistema/general/LogFallido.HTM -- unhandled response):
  app/controllers/application_controller.rb:17:in `sync'


  Rendered /home/jimi/.rvm/gems/ruby-1.9.3-p327/gems/actionpack-3.2.9/lib/action_dispatch/middleware/templates/rescues/_trace.erb (10.2ms)
  Rendered /home/jimi/.rvm/gems/ruby-1.9.3-p327/gems/actionpack-3.2.9/lib/action_dispatch/middleware/templates/rescues/_request_and_response.erb (6.6ms)
  Rendered /home/jimi/.rvm/gems/ruby-1.9.3-p327/gems/actionpack-3.2.9/lib/action_dispatch/middleware/templates/rescues/diagnostics.erb within rescues/layout (104.8ms)


Started GET "/" for 127.0.0.1 at 2013-01-07 18:45:01 -0300
Processing by ApplicationController#sync as HTML
PAGE => <html>

<head>
<meta http-equiv="Content-Type" content="text/html; charset=windows-1252">
<title>fontana.com</title>
<meta name="GENERATOR" content="Microsoft FrontPage 4.0">
<meta name="ProgId" content="FrontPage.Editor.Document">
</head>





<frameset id="frtop" framespacing="0" border="0" rows="0,0,*,0" frameborder="0">
  <noframes>
  <body>

  <p>This page uses frames, but your browser doesn't support them.</p>

  </body>
  </noframes>


  <frame name="Barra" scrolling="no" target="menu" src="toolbar.asp?rnd=5501.452">
  <frame name="Linea" scrolling="no" noresize target="Barra" src="Linea.asp">    

  <frameset rows="*,0" id="frtoll">
	<frameset cols="0,0,*" id="frset">
		<frame name="menu" target="main" src="left.htm" scrolling="no" noresize marginwidth="0" marginheight="0">
		<frame name="LineaVertical" scrolling="no" noresize target="menu" src="LineaVertical.asp">
		<frameset rows="*">
			<frame name="main" src="frames/frameSet.html" target="_self" scrolling="auto" marginwidth="0" marginheight="0">      
		</frameset>
	</frameset>

	<frame name="BarraInferior" scrolling="no" target="_self" src="BarraInferior.asp">

	</frameset>
  </frameset>


</html>

FORM => #<Mechanize::Form:0x00000002a0ab48>
Completed 500 Internal Server Error in 580ms

Mechanize::ResponseCodeError (404 => Net::HTTPNotFound for https://pyme.defontana.com/sistema/general/LogFallido.HTM -- unhandled response):
  app/controllers/application_controller.rb:17:in `sync'


  Rendered /home/jimi/.rvm/gems/ruby-1.9.3-p327/gems/actionpack-3.2.9/lib/action_dispatch/middleware/templates/rescues/_trace.erb (9.8ms)
  Rendered /home/jimi/.rvm/gems/ruby-1.9.3-p327/gems/actionpack-3.2.9/lib/action_dispatch/middleware/templates/rescues/_request_and_response.erb (6.5ms)
  Rendered /home/jimi/.rvm/gems/ruby-1.9.3-p327/gems/actionpack-3.2.9/lib/action_dispatch/middleware/templates/rescues/diagnostics.erb within rescues/layout (56.2ms)


Started GET "/" for 127.0.0.1 at 2013-01-07 18:45:07 -0300
Processing by ApplicationController#sync as HTML
PAGE => <html>

<head>
<meta http-equiv="Content-Type" content="text/html; charset=windows-1252">
<title>fontana.com</title>
<meta name="GENERATOR" content="Microsoft FrontPage 4.0">
<meta name="ProgId" content="FrontPage.Editor.Document">
</head>





<frameset id="frtop" framespacing="0" border="0" rows="0,0,*,0" frameborder="0">
  <noframes>
  <body>

  <p>This page uses frames, but your browser doesn't support them.</p>

  </body>
  </noframes>


  <frame name="Barra" scrolling="no" target="menu" src="toolbar.asp?rnd=8584.032">
  <frame name="Linea" scrolling="no" noresize target="Barra" src="Linea.asp">    

  <frameset rows="*,0" id="frtoll">
	<frameset cols="0,0,*" id="frset">
		<frame name="menu" target="main" src="left.htm" scrolling="no" noresize marginwidth="0" marginheight="0">
		<frame name="LineaVertical" scrolling="no" noresize target="menu" src="LineaVertical.asp">
		<frameset rows="*">
			<frame name="main" src="frames/frameSet.html" target="_self" scrolling="auto" marginwidth="0" marginheight="0">      
		</frameset>
	</frameset>

	<frame name="BarraInferior" scrolling="no" target="_self" src="BarraInferior.asp">

	</frameset>
  </frameset>


</html>

FORM => #<Mechanize::Form:0x00000002ae2c78>
Completed 500 Internal Server Error in 426ms

Mechanize::ResponseCodeError (404 => Net::HTTPNotFound for https://pyme.defontana.com/sistema/general/LogFallido.HTM -- unhandled response):
  app/controllers/application_controller.rb:17:in `sync'


  Rendered /home/jimi/.rvm/gems/ruby-1.9.3-p327/gems/actionpack-3.2.9/lib/action_dispatch/middleware/templates/rescues/_trace.erb (5.4ms)
  Rendered /home/jimi/.rvm/gems/ruby-1.9.3-p327/gems/actionpack-3.2.9/lib/action_dispatch/middleware/templates/rescues/_request_and_response.erb (2.9ms)
  Rendered /home/jimi/.rvm/gems/ruby-1.9.3-p327/gems/actionpack-3.2.9/lib/action_dispatch/middleware/templates/rescues/diagnostics.erb within rescues/layout (150.7ms)


Started GET "/" for 127.0.0.1 at 2013-01-07 18:47:04 -0300
Processing by ApplicationController#sync as HTML
PAGE => <html>

<head>
<meta http-equiv="Content-Type" content="text/html; charset=windows-1252">
<title>fontana.com</title>
<meta name="GENERATOR" content="Microsoft FrontPage 4.0">
<meta name="ProgId" content="FrontPage.Editor.Document">
</head>





<frameset id="frtop" framespacing="0" border="0" rows="0,0,*,0" frameborder="0">
  <noframes>
  <body>

  <p>This page uses frames, but your browser doesn't support them.</p>

  </body>
  </noframes>


  <frame name="Barra" scrolling="no" target="menu" src="toolbar.asp?rnd=6482.287">
  <frame name="Linea" scrolling="no" noresize target="Barra" src="Linea.asp">    

  <frameset rows="*,0" id="frtoll">
	<frameset cols="0,0,*" id="frset">
		<frame name="menu" target="main" src="left.htm" scrolling="no" noresize marginwidth="0" marginheight="0">
		<frame name="LineaVertical" scrolling="no" noresize target="menu" src="LineaVertical.asp">
		<frameset rows="*">
			<frame name="main" src="frames/frameSet.html" target="_self" scrolling="auto" marginwidth="0" marginheight="0">      
		</frameset>
	</frameset>

	<frame name="BarraInferior" scrolling="no" target="_self" src="BarraInferior.asp">

	</frameset>
  </frameset>


</html>

FORM => #<Mechanize::Form:0x000000029abe40>
FORM_MODIFICADO => #<Mechanize::Form:0x000000029abe40>
Completed 500 Internal Server Error in 593ms

Mechanize::ResponseCodeError (404 => Net::HTTPNotFound for https://pyme.defontana.com/sistema/general/LogFallido.HTM -- unhandled response):
  app/controllers/application_controller.rb:18:in `sync'


  Rendered /home/jimi/.rvm/gems/ruby-1.9.3-p327/gems/actionpack-3.2.9/lib/action_dispatch/middleware/templates/rescues/_trace.erb (8.9ms)
  Rendered /home/jimi/.rvm/gems/ruby-1.9.3-p327/gems/actionpack-3.2.9/lib/action_dispatch/middleware/templates/rescues/_request_and_response.erb (3.0ms)
  Rendered /home/jimi/.rvm/gems/ruby-1.9.3-p327/gems/actionpack-3.2.9/lib/action_dispatch/middleware/templates/rescues/diagnostics.erb within rescues/layout (40.1ms)


Started GET "/" for 127.0.0.1 at 2013-01-07 18:48:25 -0300
Connecting to database specified by database.yml
Processing by ApplicationController#sync as HTML
PAGE => <html>

<head>
<meta http-equiv="Content-Type" content="text/html; charset=windows-1252">
<title>fontana.com</title>
<meta name="GENERATOR" content="Microsoft FrontPage 4.0">
<meta name="ProgId" content="FrontPage.Editor.Document">
</head>





<frameset id="frtop" framespacing="0" border="0" rows="0,0,*,0" frameborder="0">
  <noframes>
  <body>

  <p>This page uses frames, but your browser doesn't support them.</p>

  </body>
  </noframes>


  <frame name="Barra" scrolling="no" target="menu" src="toolbar.asp?rnd=7174.121">
  <frame name="Linea" scrolling="no" noresize target="Barra" src="Linea.asp">    

  <frameset rows="*,0" id="frtoll">
	<frameset cols="0,0,*" id="frset">
		<frame name="menu" target="main" src="left.htm" scrolling="no" noresize marginwidth="0" marginheight="0">
		<frame name="LineaVertical" scrolling="no" noresize target="menu" src="LineaVertical.asp">
		<frameset rows="*">
			<frame name="main" src="frames/frameSet.html" target="_self" scrolling="auto" marginwidth="0" marginheight="0">      
		</frameset>
	</frameset>

	<frame name="BarraInferior" scrolling="no" target="_self" src="BarraInferior.asp">

	</frameset>
  </frameset>


</html>

FORM => #<Mechanize::Form:0x00000003d47788>
FORM_MODIFICADO => #<Mechanize::Form:0x00000003d47788>
Completed 500 Internal Server Error in 774ms

Mechanize::ResponseCodeError (404 => Net::HTTPNotFound for https://pyme.defontana.com/sistema/general/LogFallido.HTM -- unhandled response):
  app/controllers/application_controller.rb:18:in `sync'


  Rendered /home/jimi/.rvm/gems/ruby-1.9.3-p327/gems/actionpack-3.2.9/lib/action_dispatch/middleware/templates/rescues/_trace.erb (4.6ms)
  Rendered /home/jimi/.rvm/gems/ruby-1.9.3-p327/gems/actionpack-3.2.9/lib/action_dispatch/middleware/templates/rescues/_request_and_response.erb (3.3ms)
  Rendered /home/jimi/.rvm/gems/ruby-1.9.3-p327/gems/actionpack-3.2.9/lib/action_dispatch/middleware/templates/rescues/diagnostics.erb within rescues/layout (104.0ms)


Started GET "/" for 127.0.0.1 at 2013-01-07 18:52:39 -0300
Processing by ApplicationController#sync as HTML
PAGE => <html>

<head>
<meta http-equiv="Content-Type" content="text/html; charset=windows-1252">
<title>fontana.com</title>
<meta name="GENERATOR" content="Microsoft FrontPage 4.0">
<meta name="ProgId" content="FrontPage.Editor.Document">
</head>





<frameset id="frtop" framespacing="0" border="0" rows="0,0,*,0" frameborder="0">
  <noframes>
  <body>

  <p>This page uses frames, but your browser doesn't support them.</p>

  </body>
  </noframes>


  <frame name="Barra" scrolling="no" target="menu" src="toolbar.asp?rnd=8724.871">
  <frame name="Linea" scrolling="no" noresize target="Barra" src="Linea.asp">    

  <frameset rows="*,0" id="frtoll">
	<frameset cols="0,0,*" id="frset">
		<frame name="menu" target="main" src="left.htm" scrolling="no" noresize marginwidth="0" marginheight="0">
		<frame name="LineaVertical" scrolling="no" noresize target="menu" src="LineaVertical.asp">
		<frameset rows="*">
			<frame name="main" src="frames/frameSet.html" target="_self" scrolling="auto" marginwidth="0" marginheight="0">      
		</frameset>
	</frameset>

	<frame name="BarraInferior" scrolling="no" target="_self" src="BarraInferior.asp">

	</frameset>
  </frameset>


</html>

FORM => #<Mechanize::Form:0x00000003d67f38>
FORM_MODIFICADO => #<Mechanize::Form:0x00000003d67f38>
PAGINA INVENTARIO => <script>window.open('Matprod/IniMain.asp', 'main');</script>
Redirected to http://google.cl
Completed 302 Found in 529ms (ActiveRecord: 0.0ms)
Connecting to database specified by database.yml


Started GET "/" for 127.0.0.1 at 2013-01-07 19:26:25 -0300
Processing by ApplicationController#sync as HTML
PAGE => <html>

<head>
<meta http-equiv="Content-Type" content="text/html; charset=windows-1252">
<title>fontana.com</title>
<meta name="GENERATOR" content="Microsoft FrontPage 4.0">
<meta name="ProgId" content="FrontPage.Editor.Document">
</head>





<frameset id="frtop" framespacing="0" border="0" rows="0,0,*,0" frameborder="0">
  <noframes>
  <body>

  <p>This page uses frames, but your browser doesn't support them.</p>

  </body>
  </noframes>


  <frame name="Barra" scrolling="no" target="menu" src="toolbar.asp?rnd=7257.586">
  <frame name="Linea" scrolling="no" noresize target="Barra" src="Linea.asp">    

  <frameset rows="*,0" id="frtoll">
	<frameset cols="0,0,*" id="frset">
		<frame name="menu" target="main" src="left.htm" scrolling="no" noresize marginwidth="0" marginheight="0">
		<frame name="LineaVertical" scrolling="no" noresize target="menu" src="LineaVertical.asp">
		<frameset rows="*">
			<frame name="main" src="frames/frameSet.html" target="_self" scrolling="auto" marginwidth="0" marginheight="0">      
		</frameset>
	</frameset>

	<frame name="BarraInferior" scrolling="no" target="_self" src="BarraInferior.asp">

	</frameset>
  </frameset>


</html>

FORM => #<Mechanize::Form:0x00000003e19df0>
FORM_MODIFICADO => #<Mechanize::Form:0x00000003e19df0>
PAGINA INVENTARIO => #<Mechanize::Page:0x00000003e308e8>
Redirected to http://google.cl
Completed 302 Found in 6325ms (ActiveRecord: 0.0ms)


Started GET "/" for 127.0.0.1 at 2013-01-07 19:28:04 -0300
Processing by ApplicationController#sync as HTML
PAGE => <html>

<head>
<meta http-equiv="Content-Type" content="text/html; charset=windows-1252">
<title>fontana.com</title>
<meta name="GENERATOR" content="Microsoft FrontPage 4.0">
<meta name="ProgId" content="FrontPage.Editor.Document">
</head>





<frameset id="frtop" framespacing="0" border="0" rows="0,0,*,0" frameborder="0">
  <noframes>
  <body>

  <p>This page uses frames, but your browser doesn't support them.</p>

  </body>
  </noframes>


  <frame name="Barra" scrolling="no" target="menu" src="toolbar.asp?rnd=3238.421">
  <frame name="Linea" scrolling="no" noresize target="Barra" src="Linea.asp">    

  <frameset rows="*,0" id="frtoll">
	<frameset cols="0,0,*" id="frset">
		<frame name="menu" target="main" src="left.htm" scrolling="no" noresize marginwidth="0" marginheight="0">
		<frame name="LineaVertical" scrolling="no" noresize target="menu" src="LineaVertical.asp">
		<frameset rows="*">
			<frame name="main" src="frames/frameSet.html" target="_self" scrolling="auto" marginwidth="0" marginheight="0">      
		</frameset>
	</frameset>

	<frame name="BarraInferior" scrolling="no" target="_self" src="BarraInferior.asp">

	</frameset>
  </frameset>


</html>

FORM => #<Mechanize::Form:0x00000002996310>
FORM_MODIFICADO => #<Mechanize::Form:0x00000002996310>
PAGINA INVENTARIO => #<Mechanize::Page:0x00000003cb07e8>
Redirected to http://google.cl
Completed 302 Found in 2450ms (ActiveRecord: 0.0ms)


Started GET "/" for 127.0.0.1 at 2013-01-07 19:28:59 -0300
Processing by ApplicationController#sync as HTML
PAGE => <html>

<head>
<meta http-equiv="Content-Type" content="text/html; charset=windows-1252">
<title>fontana.com</title>
<meta name="GENERATOR" content="Microsoft FrontPage 4.0">
<meta name="ProgId" content="FrontPage.Editor.Document">
</head>





<frameset id="frtop" framespacing="0" border="0" rows="0,0,*,0" frameborder="0">
  <noframes>
  <body>

  <p>This page uses frames, but your browser doesn't support them.</p>

  </body>
  </noframes>


  <frame name="Barra" scrolling="no" target="menu" src="toolbar.asp?rnd=2744.036">
  <frame name="Linea" scrolling="no" noresize target="Barra" src="Linea.asp">    

  <frameset rows="*,0" id="frtoll">
	<frameset cols="0,0,*" id="frset">
		<frame name="menu" target="main" src="left.htm" scrolling="no" noresize marginwidth="0" marginheight="0">
		<frame name="LineaVertical" scrolling="no" noresize target="menu" src="LineaVertical.asp">
		<frameset rows="*">
			<frame name="main" src="frames/frameSet.html" target="_self" scrolling="auto" marginwidth="0" marginheight="0">      
		</frameset>
	</frameset>

	<frame name="BarraInferior" scrolling="no" target="_self" src="BarraInferior.asp">

	</frameset>
  </frameset>


</html>

FORM => #<Mechanize::Form:0x00000003d684b0>
FORM_MODIFICADO => #<Mechanize::Form:0x00000003d684b0>
PAGINA INVENTARIO => <script>window.open('Matprod/IniMain.asp', 'main');</script>
Redirected to http://google.cl
Completed 302 Found in 1331ms (ActiveRecord: 0.0ms)
